2026-02-09 13:23:10.625053 ==============================================================================
2026-02-09 13:23:10.663216 Tests
2026-02-09 13:23:10.663230 ==============================================================================
2026-02-09 13:23:10.663239 Tests.01 HerekuApp
2026-02-09 13:23:10.664218 ==============================================================================
2026-02-09 13:23:10.664234 Tests.01 HerekuApp.01 Basis
2026-02-09 13:23:10.665473 ==============================================================================
2026-02-09 13:23:10.865958 Tests.01 HerekuApp.01 Basis.10 Multi Window
2026-02-09 13:23:10.910125 ==============================================================================
2026-02-09 13:23:12.715603 Scenario 10: Wisselen Tussen Tabbladen :: Valideert navigatie over... | PASS |
2026-02-09 13:23:12.738963 ------------------------------------------------------------------------------
2026-02-09 13:23:12.738978 Tests.01 HerekuApp.01 Basis.10 Multi Window                           | PASS |
2026-02-09 13:23:12.741738 1 test, 1 passed, 0 failed
2026-02-09 13:23:12.741766 ==============================================================================
2026-02-09 13:23:12.741819 Tests.01 HerekuApp.01 Basis                                           | PASS |
2026-02-09 13:23:12.742246 1 test, 1 passed, 0 failed
2026-02-09 13:23:12.742298 ==============================================================================
2026-02-09 13:23:12.742314 Tests.01 HerekuApp                                                    | PASS |
2026-02-09 13:23:12.742688 1 test, 1 passed, 0 failed
2026-02-09 13:23:12.742741 ==============================================================================
2026-02-09 13:23:12.742757 Tests                                                                 | PASS |
2026-02-09 13:23:12.743066 1 test, 1 passed, 0 failed
2026-02-09 13:23:12.743116 ==============================================================================
2026-02-09 13:23:12.743132 Output:  /home/runner/work/AP_RF/AP_RF/results/pabot_results/9/output.xml
