==============================================================================
Tests                                                                         
==============================================================================
Tests.01 HerekuApp                                                            
==============================================================================
Tests.01 HerekuApp.02 Geavanceerd                                             
==============================================================================
Tests.01 HerekuApp.02 Geavanceerd.14 Product Search                           
==============================================================================
Scenario 14: Data Driven Product Search                               | PASS |
------------------------------------------------------------------------------
Tests.01 HerekuApp.02 Geavanceerd.14 Product Search                   | PASS |
1 test, 1 passed, 0 failed
==============================================================================
Tests.01 HerekuApp.02 Geavanceerd                                     | PASS |
1 test, 1 passed, 0 failed
==============================================================================
Tests.01 HerekuApp                                                    | PASS |
1 test, 1 passed, 0 failed
==============================================================================
Tests                                                                 | PASS |
1 test, 1 passed, 0 failed
==============================================================================
Output:  /home/runner/work/AP_RF/AP_RF/results/pabot_results/13/output.xml
