2026-02-09 13:23:15.340418 ==============================================================================
2026-02-09 13:23:15.340612 Tests
2026-02-09 13:23:15.340669 ==============================================================================
2026-02-09 13:23:15.340687 Tests.01 HerekuApp
2026-02-09 13:23:15.340706 ==============================================================================
2026-02-09 13:23:15.340722 Tests.01 HerekuApp.02 Geavanceerd
2026-02-09 13:23:15.341556 ==============================================================================
2026-02-09 13:23:15.491935 Tests.01 HerekuApp.02 Geavanceerd.14 Product Search
2026-02-09 13:23:15.529135 ==============================================================================
2026-02-09 13:23:16.687178 Scenario 14: Data Driven Product Search                               | PASS |
2026-02-09 13:23:16.735400 ------------------------------------------------------------------------------
2026-02-09 13:23:16.785602 Tests.01 HerekuApp.02 Geavanceerd.14 Product Search                   | PASS |
2026-02-09 13:23:16.798272 1 test, 1 passed, 0 failed
2026-02-09 13:23:16.798322 ==============================================================================
2026-02-09 13:23:16.798337 Tests.01 HerekuApp.02 Geavanceerd                                     | PASS |
2026-02-09 13:23:16.799449 1 test, 1 passed, 0 failed
2026-02-09 13:23:16.799477 ==============================================================================
2026-02-09 13:23:16.799496 Tests.01 HerekuApp                                                    | PASS |
2026-02-09 13:23:16.800026 1 test, 1 passed, 0 failed
2026-02-09 13:23:16.800046 ==============================================================================
2026-02-09 13:23:16.800078 Tests                                                                 | PASS |
2026-02-09 13:23:16.800512 1 test, 1 passed, 0 failed
2026-02-09 13:23:16.800585 ==============================================================================
2026-02-09 13:23:16.800603 Output:  /home/runner/work/AP_RF/AP_RF/results/pabot_results/13/output.xml
