==============================================================================
Tests
==============================================================================
Tests.01 HerekuApp
==============================================================================
Tests.01 HerekuApp.02 Geavanceerd
==============================================================================
Tests.01 HerekuApp.02 Geavanceerd.13 Shopping Cart
==============================================================================
Scenario 13: Hybride Sessie Injectie :: Test of we een sessie kunn... | PASS |
------------------------------------------------------------------------------
Tests.01 HerekuApp.02 Geavanceerd.13 Shopping Cart                    | PASS |
1 test, 1 passed, 0 failed
==============================================================================
Tests.01 HerekuApp.02 Geavanceerd                                     | PASS |
1 test, 1 passed, 0 failed
==============================================================================
Tests.01 HerekuApp                                                    | PASS |
1 test, 1 passed, 0 failed
==============================================================================
Tests                                                                 | PASS |
1 test, 1 passed, 0 failed
==============================================================================
Output:  /home/runner/work/AP_RF/AP_RF/results/pabot_results/12/output.xml
