2026-02-09 13:23:13.479501 ==============================================================================
2026-02-09 13:23:13.514521 Tests
2026-02-09 13:23:13.514574 ==============================================================================
2026-02-09 13:23:13.514589 Tests.01 HerekuApp
2026-02-09 13:23:13.515114 ==============================================================================
2026-02-09 13:23:13.515198 Tests.01 HerekuApp.02 Geavanceerd
2026-02-09 13:23:13.516483 ==============================================================================
2026-02-09 13:23:13.767335 Tests.01 HerekuApp.02 Geavanceerd.13 Shopping Cart
2026-02-09 13:23:13.780587 ==============================================================================
2026-02-09 13:23:15.042651 Scenario 13: Hybride Sessie Injectie :: Test of we een sessie kunn... | PASS |
2026-02-09 13:23:15.076691 ------------------------------------------------------------------------------
2026-02-09 13:23:15.076710 Tests.01 HerekuApp.02 Geavanceerd.13 Shopping Cart                    | PASS |
2026-02-09 13:23:15.080556 1 test, 1 passed, 0 failed
2026-02-09 13:23:15.080583 ==============================================================================
2026-02-09 13:23:15.080634 Tests.01 HerekuApp.02 Geavanceerd                                     | PASS |
2026-02-09 13:23:15.081052 1 test, 1 passed, 0 failed
2026-02-09 13:23:15.081104 ==============================================================================
2026-02-09 13:23:15.081121 Tests.01 HerekuApp                                                    | PASS |
2026-02-09 13:23:15.081473 1 test, 1 passed, 0 failed
2026-02-09 13:23:15.081522 ==============================================================================
2026-02-09 13:23:15.081573 Tests                                                                 | PASS |
2026-02-09 13:23:15.081877 1 test, 1 passed, 0 failed
2026-02-09 13:23:15.081939 ==============================================================================
2026-02-09 13:23:15.081956 Output:  /home/runner/work/AP_RF/AP_RF/results/pabot_results/12/output.xml
