2026-02-09 13:23:13.291361 ==============================================================================
2026-02-09 13:23:13.317581 Tests
2026-02-09 13:23:13.317605 ==============================================================================
2026-02-09 13:23:13.317621 Tests.01 HerekuApp
2026-02-09 13:23:13.318032 ==============================================================================
2026-02-09 13:23:13.318051 Tests.01 HerekuApp.01 Basis
2026-02-09 13:23:13.318906 ==============================================================================
2026-02-09 13:23:13.573332 Tests.01 HerekuApp.01 Basis.12 Api Test
2026-02-09 13:23:13.611576 ==============================================================================
2026-02-09 13:23:14.921264 Scenario 12: Check Of De Website Online Is Via API :: Voert een sn... | PASS |
2026-02-09 13:23:14.960612 ------------------------------------------------------------------------------
2026-02-09 13:23:14.960635 Tests.01 HerekuApp.01 Basis.12 Api Test                               | PASS |
2026-02-09 13:23:14.967112 1 test, 1 passed, 0 failed
2026-02-09 13:23:14.967168 ==============================================================================
2026-02-09 13:23:14.967184 Tests.01 HerekuApp.01 Basis                                           | PASS |
2026-02-09 13:23:14.967365 1 test, 1 passed, 0 failed
2026-02-09 13:23:14.967414 ==============================================================================
2026-02-09 13:23:14.967430 Tests.01 HerekuApp                                                    | PASS |
2026-02-09 13:23:14.967908 1 test, 1 passed, 0 failed
2026-02-09 13:23:14.967957 ==============================================================================
2026-02-09 13:23:14.967973 Tests                                                                 | PASS |
2026-02-09 13:23:14.968349 1 test, 1 passed, 0 failed
2026-02-09 13:23:14.968402 ==============================================================================
2026-02-09 13:23:14.968414 Output:  /home/runner/work/AP_RF/AP_RF/results/pabot_results/11/output.xml
