2026-02-09 13:23:15.646243 ==============================================================================
2026-02-09 13:23:15.650281 Tests
2026-02-09 13:23:15.650301 ==============================================================================
2026-02-09 13:23:15.650316 Tests.01 HerekuApp
2026-02-09 13:23:15.650330 ==============================================================================
2026-02-09 13:23:15.650343 Tests.01 HerekuApp.02 Geavanceerd
2026-02-09 13:23:15.651298 ==============================================================================
2026-02-09 13:23:15.903908 Tests.01 HerekuApp.02 Geavanceerd.16 Api Complex
2026-02-09 13:23:15.942487 ==============================================================================
2026-02-09 13:23:16.042685 /opt/hostedtoolcache/Python/3.11.14/x64/lib/python3.11/site-packages/urllib3/connectionpool.py:1097: InsecureRequestWarning: Unverified HTTPS request is being made to host 'jsonplaceholder.typicode.com'. Adding certificate verification is strongly advised. See: https://urllib3.readthedocs.io/en/latest/advanced-usage.html#tls-warnings
2026-02-09 13:23:16.094564   warnings.warn(
2026-02-09 13:23:16.905855 Scenario 16: Volledige API Lifecycle                                  | PASS |
2026-02-09 13:23:16.919405 ------------------------------------------------------------------------------
2026-02-09 13:23:16.919419 Tests.01 HerekuApp.02 Geavanceerd.16 Api Complex                      | PASS |
2026-02-09 13:23:16.924479 1 test, 1 passed, 0 failed
2026-02-09 13:23:16.924531 ==============================================================================
2026-02-09 13:23:16.924541 Tests.01 HerekuApp.02 Geavanceerd                                     | PASS |
2026-02-09 13:23:16.924975 1 test, 1 passed, 0 failed
2026-02-09 13:23:16.925030 ==============================================================================
2026-02-09 13:23:16.925038 Tests.01 HerekuApp                                                    | PASS |
2026-02-09 13:23:16.925684 1 test, 1 passed, 0 failed
2026-02-09 13:23:16.925771 ==============================================================================
2026-02-09 13:23:16.925789 Tests                                                                 | PASS |
2026-02-09 13:23:16.926143 1 test, 1 passed, 0 failed
2026-02-09 13:23:16.926190 ==============================================================================
2026-02-09 13:23:16.926206 Output:  /home/runner/work/AP_RF/AP_RF/results/pabot_results/15/output.xml
