==============================================================================
Tests                                                                         
==============================================================================
Tests.01 HerekuApp                                                            
==============================================================================
Tests.01 HerekuApp.02 Geavanceerd                                             
==============================================================================
Tests.01 HerekuApp.02 Geavanceerd.16 Api Complex                              
==============================================================================
Scenario 16: Volledige API Lifecycle                                  | PASS |
------------------------------------------------------------------------------
Tests.01 HerekuApp.02 Geavanceerd.16 Api Complex                      | PASS |
1 test, 1 passed, 0 failed
==============================================================================
Tests.01 HerekuApp.02 Geavanceerd                                     | PASS |
1 test, 1 passed, 0 failed
==============================================================================
Tests.01 HerekuApp                                                    | PASS |
1 test, 1 passed, 0 failed
==============================================================================
Tests                                                                 | PASS |
1 test, 1 passed, 0 failed
==============================================================================
Output:  /home/runner/work/AP_RF/AP_RF/results/pabot_results/15/output.xml
