2026-02-09 13:23:15.507468 ==============================================================================
2026-02-09 13:23:15.521043 Tests
2026-02-09 13:23:15.521062 ==============================================================================
2026-02-09 13:23:15.521076 Tests.01 HerekuApp
2026-02-09 13:23:15.522295 ==============================================================================
2026-02-09 13:23:15.522315 Tests.01 HerekuApp.02 Geavanceerd
2026-02-09 13:23:15.523529 ==============================================================================
2026-02-09 13:23:15.775741 Tests.01 HerekuApp.02 Geavanceerd.15 User Profile
2026-02-09 13:23:15.821509 ==============================================================================
2026-02-09 13:23:17.388128 Scenario 15: Profiel Validatie Na Login                               | PASS |
2026-02-09 13:23:17.410900 ------------------------------------------------------------------------------
2026-02-09 13:23:17.410972 Tests.01 HerekuApp.02 Geavanceerd.15 User Profile                     | PASS |
2026-02-09 13:23:17.458380 1 test, 1 passed, 0 failed
2026-02-09 13:23:17.458538 ==============================================================================
2026-02-09 13:23:17.458632 Tests.01 HerekuApp.02 Geavanceerd                                     | PASS |
2026-02-09 13:23:17.459452 1 test, 1 passed, 0 failed
2026-02-09 13:23:17.459589 ==============================================================================
2026-02-09 13:23:17.459687 Tests.01 HerekuApp                                                    | PASS |
2026-02-09 13:23:17.460330 1 test, 1 passed, 0 failed
2026-02-09 13:23:17.460494 ==============================================================================
2026-02-09 13:23:17.460595 Tests                                                                 | PASS |
2026-02-09 13:23:17.461162 1 test, 1 passed, 0 failed
2026-02-09 13:23:17.461291 ==============================================================================
2026-02-09 13:23:17.461375 Output:  /home/runner/work/AP_RF/AP_RF/results/pabot_results/14/output.xml
