==============================================================================
Tests                                                                         
==============================================================================
Tests.01 HerekuApp                                                            
==============================================================================
Tests.01 HerekuApp.01 Basis                                                   
==============================================================================
Tests.01 HerekuApp.01 Basis.03 Api                                            
==============================================================================
Haal Gebruiker Op Via API :: Test of we gebruikersdata kunnen opha... | PASS |
------------------------------------------------------------------------------
Controleer Of Post Wordt Aangemaakt :: Test of we data kunnen 'stu... | PASS |
------------------------------------------------------------------------------
Tests.01 HerekuApp.01 Basis.03 Api                                    | PASS |
2 tests, 2 passed, 0 failed
==============================================================================
Tests.01 HerekuApp.01 Basis                                           | PASS |
2 tests, 2 passed, 0 failed
==============================================================================
Tests.01 HerekuApp                                                    | PASS |
2 tests, 2 passed, 0 failed
==============================================================================
Tests                                                                 | PASS |
2 tests, 2 passed, 0 failed
==============================================================================
Output:  /home/runner/work/AP_RF/AP_RF/results/pabot_results/2/output.xml
