2026-02-09 13:23:01.682156 ==============================================================================
2026-02-09 13:23:01.686051 Tests
2026-02-09 13:23:01.686112 ==============================================================================
2026-02-09 13:23:01.686127 Tests.01 HerekuApp
2026-02-09 13:23:01.687367 ==============================================================================
2026-02-09 13:23:01.687384 Tests.01 HerekuApp.01 Basis
2026-02-09 13:23:01.688579 ==============================================================================
2026-02-09 13:23:01.940663 Tests.01 HerekuApp.01 Basis.03 Api :: Directe interactie met REST-endpoints...
2026-02-09 13:23:01.982615 ==============================================================================
2026-02-09 13:23:02.084324 /opt/hostedtoolcache/Python/3.11.14/x64/lib/python3.11/site-packages/urllib3/connectionpool.py:1097: InsecureRequestWarning: Unverified HTTPS request is being made to host 'jsonplaceholder.typicode.com'. Adding certificate verification is strongly advised. See: https://urllib3.readthedocs.io/en/latest/advanced-usage.html#tls-warnings
2026-02-09 13:23:02.134525   warnings.warn(
2026-02-09 13:23:02.941029 Haal Gebruiker Op Via API :: Valideert de GET-methode. We controle... | PASS |
2026-02-09 13:23:02.976174 ------------------------------------------------------------------------------
2026-02-09 13:23:02.976193 Controleer Of Post Wordt Aangemaakt :: Valideert de POST-methode. ... | PASS |
2026-02-09 13:23:02.976193 /opt/hostedtoolcache/Python/3.11.14/x64/lib/python3.11/site-packages/urllib3/connectionpool.py:1097: InsecureRequestWarning: Unverified HTTPS request is being made to host 'jsonplaceholder.typicode.com'. Adding certificate verification is strongly advised. See: https://urllib3.readthedocs.io/en/latest/advanced-usage.html#tls-warnings
2026-02-09 13:23:03.008118 ------------------------------------------------------------------------------
2026-02-09 13:23:03.008118   warnings.warn(
2026-02-09 13:23:03.008144 Tests.01 HerekuApp.01 Basis.03 Api :: Directe interactie met REST-... | PASS |
2026-02-09 13:23:03.013648 2 tests, 2 passed, 0 failed
2026-02-09 13:23:03.013734 ==============================================================================
2026-02-09 13:23:03.013781 Tests.01 HerekuApp.01 Basis                                           | PASS |
2026-02-09 13:23:03.014322 2 tests, 2 passed, 0 failed
2026-02-09 13:23:03.014411 ==============================================================================
2026-02-09 13:23:03.014513 Tests.01 HerekuApp                                                    | PASS |
2026-02-09 13:23:03.015088 2 tests, 2 passed, 0 failed
2026-02-09 13:23:03.015180 ==============================================================================
2026-02-09 13:23:03.015238 Tests                                                                 | PASS |
2026-02-09 13:23:03.015664 2 tests, 2 passed, 0 failed
2026-02-09 13:23:03.016025 ==============================================================================
2026-02-09 13:23:03.016036 Output:  /home/runner/work/AP_RF/AP_RF/results/pabot_results/2/output.xml
