2026-02-09 13:23:01.529999 ==============================================================================
2026-02-09 13:23:01.575945 Tests
2026-02-09 13:23:01.576013 ==============================================================================
2026-02-09 13:23:01.576029 Tests.01 HerekuApp
2026-02-09 13:23:01.576933 ==============================================================================
2026-02-09 13:23:01.576951 Tests.01 HerekuApp.01 Basis
2026-02-09 13:23:01.577798 ==============================================================================
2026-02-09 13:23:01.728162 Tests.01 HerekuApp.01 Basis.01 Auth
2026-02-09 13:23:01.769417 ==============================================================================
2026-02-09 13:23:03.235147 Correcte Gegevens                                                     | PASS |
2026-02-09 13:23:03.277727 ------------------------------------------------------------------------------
2026-02-09 13:23:03.778947 Verkeerd Wachtwoord                                                   | PASS |
2026-02-09 13:23:03.790920 ------------------------------------------------------------------------------
2026-02-09 13:23:04.294414 Onbekende Gebruiker                                                   | PASS |
2026-02-09 13:23:04.294818 ------------------------------------------------------------------------------
2026-02-09 13:23:04.746249 Lege Velden                                                           | PASS |
2026-02-09 13:23:04.791897 ------------------------------------------------------------------------------
2026-02-09 13:23:04.791917 Tests.01 HerekuApp.01 Basis.01 Auth                                   | PASS |
2026-02-09 13:23:04.796169 4 tests, 4 passed, 0 failed
2026-02-09 13:23:04.796228 ==============================================================================
2026-02-09 13:23:04.796244 Tests.01 HerekuApp.01 Basis                                           | PASS |
2026-02-09 13:23:04.796897 4 tests, 4 passed, 0 failed
2026-02-09 13:23:04.797010 ==============================================================================
2026-02-09 13:23:04.797031 Tests.01 HerekuApp                                                    | PASS |
2026-02-09 13:23:04.797344 4 tests, 4 passed, 0 failed
2026-02-09 13:23:04.797399 ==============================================================================
2026-02-09 13:23:04.797414 Tests                                                                 | PASS |
2026-02-09 13:23:04.797798 4 tests, 4 passed, 0 failed
2026-02-09 13:23:04.797862 ==============================================================================
2026-02-09 13:23:04.797878 Output:  /home/runner/work/AP_RF/AP_RF/results/pabot_results/0/output.xml
