==============================================================================
Tests                                                                         
==============================================================================
Tests.02 SauceDemo                                                            
==============================================================================
Tests.02 SauceDemo.03 Api Chaining                                            
==============================================================================
Scenario: Log In Met Data Van API :: Bewijst dat API data in de br...   
  Traceback (most recent call last):
    ~~~~~~~~~~~~~~~~~~~~~~~~~~~~~~~~~~~~~~~~~~~~~~~~~~~~~~~~~~~~~~~~~~~~~~~~~~
    File  /home/runner/work/AP_RF/AP_RF/tests/02_SauceDemo/03_api_chaining.robot:6
    T:  Scenario: Log In Met Data Van API    
    ~~~~~~~~~~~~~~~~~~~~~~~~~~~~~~~~~~~~~~~~~~~~~~~~~~~~~~~~~~~~~~~~~~~~~~~~~~
    File  /home/runner/work/AP_RF/AP_RF/tests/02_SauceDemo/03_api_chaining.robot:21
      Get Text    css=[data-test="error"]    contains    Username and password do not match
______________________________________________________________________________
| FAIL |
Multiple keywords with name 'Get Text' found. Give the full name of the keyword you want to use:
    Browser.Get Text
    Mobile.Get Text
------------------------------------------------------------------------------
Tests.02 SauceDemo.03 Api Chaining                                    | FAIL |
1 test, 0 passed, 1 failed
==============================================================================
Tests.02 SauceDemo                                                    | FAIL |
1 test, 0 passed, 1 failed
==============================================================================
Tests                                                                 | FAIL |
1 test, 0 passed, 1 failed
==============================================================================
Output:  /home/runner/work/AP_RF/AP_RF/results/pabot_results/22/output.xml
