2026-02-09 13:23:17.414960 ==============================================================================
2026-02-09 13:23:17.435031 Tests
2026-02-09 13:23:17.435048 ==============================================================================
2026-02-09 13:23:17.436297 Tests.01 HerekuApp
2026-02-09 13:23:17.436339 ==============================================================================
2026-02-09 13:23:17.436418 Tests.01 HerekuApp.02 Geavanceerd
2026-02-09 13:23:17.439510 ==============================================================================
2026-02-09 13:23:17.640356 Tests.01 HerekuApp.02 Geavanceerd.18 File Upload
2026-02-09 13:23:17.659375 ==============================================================================
2026-02-09 13:23:19.071861 Scenario 18: Succesvol Een Bestand Uploaden :: Test of een lokaal ... | PASS |
2026-02-09 13:23:19.118775 ------------------------------------------------------------------------------
2026-02-09 13:23:19.118794 Tests.01 HerekuApp.02 Geavanceerd.18 File Upload                      | PASS |
2026-02-09 13:23:19.154682 1 test, 1 passed, 0 failed
2026-02-09 13:23:19.154704 ==============================================================================
2026-02-09 13:23:19.154719 Tests.01 HerekuApp.02 Geavanceerd                                     | PASS |
2026-02-09 13:23:19.154730 1 test, 1 passed, 0 failed
2026-02-09 13:23:19.154741 ==============================================================================
2026-02-09 13:23:19.154753 Tests.01 HerekuApp                                                    | PASS |
2026-02-09 13:23:19.154764 1 test, 1 passed, 0 failed
2026-02-09 13:23:19.154777 ==============================================================================
2026-02-09 13:23:19.154790 Tests                                                                 | PASS |
2026-02-09 13:23:19.154801 1 test, 1 passed, 0 failed
2026-02-09 13:23:19.154812 ==============================================================================
2026-02-09 13:23:19.154823 Output:  /home/runner/work/AP_RF/AP_RF/results/pabot_results/17/output.xml
