==============================================================================
Tests                                                                         
==============================================================================
Tests.01 HerekuApp                                                            
==============================================================================
Tests.01 HerekuApp.01 Basis                                                   
==============================================================================
Tests.01 HerekuApp.01 Basis.04 Hybrid                                         
==============================================================================
Snel Inloggen Via API En Verifiëren In Browser :: Log in via de br...   
  Traceback (most recent call last):
    ~~~~~~~~~~~~~~~~~~~~~~~~~~~~~~~~~~~~~~~~~~~~~~~~~~~~~~~~~~~~~~~~~~~~~~~~~~
    File  /home/runner/work/AP_RF/AP_RF/tests/01_HerekuApp/01_basis/04_hybrid.robot:11
    T:  Snel Inloggen Via API En Verifiëren In Browser    
    ~~~~~~~~~~~~~~~~~~~~~~~~~~~~~~~~~~~~~~~~~~~~~~~~~~~~~~~~~~~~~~~~~~~~~~~~~~
    File  /home/runner/work/AP_RF/AP_RF/tests/01_HerekuApp/01_basis/04_hybrid.robot:15
      New Browser    browser=${BROWSER}    headless=${HEADLESS}
      |  browser=${BROWSER} = browser=chromium (str)
      |  headless=${HEADLESS} = headless=False (str)
______________________________________________________________________________
| FAIL |
Error: browserType.launch: Target page, context or browser has been closed
Browser logs:

╔════════════════════════════════════════════════════════════════════════════════════════════════╗
║ Looks like you launched a headed browser without having a XServer running.                     ║
║ Set either 'headless: true' or use 'xvfb-run <your-playwright-app>' before running Playwright. ║
║                                                                                                ║
║ <3 Playwright Team                                                                             ║
╚════════════════════════════════════════════════════════════════════════════════════════════════╝
Call log:
  - <launching> /opt/hostedtoolcache/Python/3.11.14/x64/lib/python3.11/site-packages/Browser/wrapper/node_modules/playwright-core/.local-browsers/chromium-1200/chrome-linux64/chrome --disable-field-trial-config --disable-background-networking --disable-background-timer-throttling --disable-backgrounding-occl...
    [ Message content over the limit has been removed. ]
...ut --disable-hang-monitor --disable-ipc-flooding-protection --disable-popup-blocking --disable-prompt-on-repost --disable-renderer-backgrounding --force-color-profile=srgb --metrics-recording-only --no-first-run --password-store=basic --use-mock-keychain --no-service-autorun --export-tagged-pdf --disable-search-engine-choice-screen --unsafely-disable-devtools-self-xss-warnings --edge-skip-compat-layer-relaunch --enable-automation --disable-infobars --disable-search-engine-choice-screen --disable-sync --no-sandbox --user-data-dir=/tmp/playwright_chromiumdev_profile-LIaapS --remote-debugging-pipe --no-startup-window
  - <launched> pid=3302
  - [pid=3302][err] [3302:3302:0108/145149.477709:ERROR:ui/ozone/platform/x11/ozone_platform_x11.cc:259] Missing X server or $DISPLAY
  - [pid=3302][err] [3302:3302:0108/145149.477746:ERROR:ui/aura/env.cc:257] The platform failed to initialize.  Exiting.
  - [pid=3302] <gracefully close start>
  - [pid=3302] <kill>
  - [pid=3302] <will force kill>
  - [pid=3302] <process did exit: exitCode=1, signal=null>
  - [pid=3302] starting temporary directories cleanup
  - [pid=3302] finished temporary directories cleanup
  - [pid=3302] <gracefully close end>
------------------------------------------------------------------------------
Tests.01 HerekuApp.01 Basis.04 Hybrid                                 | FAIL |
1 test, 0 passed, 1 failed
==============================================================================
Tests.01 HerekuApp.01 Basis                                           | FAIL |
1 test, 0 passed, 1 failed
==============================================================================
Tests.01 HerekuApp                                                    | FAIL |
1 test, 0 passed, 1 failed
==============================================================================
Tests                                                                 | FAIL |
1 test, 0 passed, 1 failed
==============================================================================
Output:  /home/runner/work/AP_RF/AP_RF/results/pabot_results/3/output.xml
