2026-02-09 13:23:03.543962 ==============================================================================
2026-02-09 13:23:03.560257 Tests
2026-02-09 13:23:03.560279 ==============================================================================
2026-02-09 13:23:03.560294 Tests.01 HerekuApp
2026-02-09 13:23:03.561271 ==============================================================================
2026-02-09 13:23:03.561290 Tests.01 HerekuApp.01 Basis
2026-02-09 13:23:03.562142 ==============================================================================
2026-02-09 13:23:03.762672 Tests.01 HerekuApp.01 Basis.04 Hybrid :: Geavanceerde hybride test: Validee...
2026-02-09 13:23:03.793640 ==============================================================================
2026-02-09 13:23:05.753305 Snel Inloggen Via API En Verifiëren In Browser :: Inloggen via de ... | PASS |
2026-02-09 13:23:05.781636 ------------------------------------------------------------------------------
2026-02-09 13:23:05.781660 Tests.01 HerekuApp.01 Basis.04 Hybrid :: Geavanceerde hybride test... | PASS |
2026-02-09 13:23:05.786642 1 test, 1 passed, 0 failed
2026-02-09 13:23:05.786707 ==============================================================================
2026-02-09 13:23:05.786727 Tests.01 HerekuApp.01 Basis                                           | PASS |
2026-02-09 13:23:05.787290 1 test, 1 passed, 0 failed
2026-02-09 13:23:05.787347 ==============================================================================
2026-02-09 13:23:05.787362 Tests.01 HerekuApp                                                    | PASS |
2026-02-09 13:23:05.787857 1 test, 1 passed, 0 failed
2026-02-09 13:23:05.787916 ==============================================================================
2026-02-09 13:23:05.787932 Tests                                                                 | PASS |
2026-02-09 13:23:05.788251 1 test, 1 passed, 0 failed
2026-02-09 13:23:05.788269 ==============================================================================
2026-02-09 13:23:05.788518 Output:  /home/runner/work/AP_RF/AP_RF/results/pabot_results/3/output.xml
