==============================================================================
Tests
==============================================================================
Tests.01 HerekuApp
==============================================================================
Tests.01 HerekuApp.01 Basis
==============================================================================
Tests.01 HerekuApp.01 Basis.05 Dropdowns
==============================================================================
Scenario 05: Selecteer Optie Uit Dropdown :: Valideert de interact... | PASS |
------------------------------------------------------------------------------
Tests.01 HerekuApp.01 Basis.05 Dropdowns                              | PASS |
1 test, 1 passed, 0 failed
==============================================================================
Tests.01 HerekuApp.01 Basis                                           | PASS |
1 test, 1 passed, 0 failed
==============================================================================
Tests.01 HerekuApp                                                    | PASS |
1 test, 1 passed, 0 failed
==============================================================================
Tests                                                                 | PASS |
1 test, 1 passed, 0 failed
==============================================================================
Output:  /home/runner/work/AP_RF/AP_RF/results/pabot_results/4/output.xml
