2026-02-09 13:23:05.141740 ==============================================================================
2026-02-09 13:23:05.189902 Tests
2026-02-09 13:23:05.189919 ==============================================================================
2026-02-09 13:23:05.189930 Tests.01 HerekuApp
2026-02-09 13:23:05.190668 ==============================================================================
2026-02-09 13:23:05.190677 Tests.01 HerekuApp.01 Basis
2026-02-09 13:23:05.191421 ==============================================================================
2026-02-09 13:23:05.341719 Tests.01 HerekuApp.01 Basis.05 Dropdowns
2026-02-09 13:23:05.381638 ==============================================================================
2026-02-09 13:23:06.435616 Scenario 05: Selecteer Optie Uit Dropdown :: Valideert de interact... | PASS |
2026-02-09 13:23:06.484189 ------------------------------------------------------------------------------
2026-02-09 13:23:06.484210 Tests.01 HerekuApp.01 Basis.05 Dropdowns                              | PASS |
2026-02-09 13:23:06.488207 1 test, 1 passed, 0 failed
2026-02-09 13:23:06.488278 ==============================================================================
2026-02-09 13:23:06.488293 Tests.01 HerekuApp.01 Basis                                           | PASS |
2026-02-09 13:23:06.488729 1 test, 1 passed, 0 failed
2026-02-09 13:23:06.488747 ==============================================================================
2026-02-09 13:23:06.488761 Tests.01 HerekuApp                                                    | PASS |
2026-02-09 13:23:06.489119 1 test, 1 passed, 0 failed
2026-02-09 13:23:06.489184 ==============================================================================
2026-02-09 13:23:06.489200 Tests                                                                 | PASS |
2026-02-09 13:23:06.489500 1 test, 1 passed, 0 failed
2026-02-09 13:23:06.489568 ==============================================================================
2026-02-09 13:23:06.489586 Output:  /home/runner/work/AP_RF/AP_RF/results/pabot_results/4/output.xml
