2026-02-09 13:23:17.314771 ==============================================================================
2026-02-09 13:23:17.317265 Tests
2026-02-09 13:23:17.317284 ==============================================================================
2026-02-09 13:23:17.317297 Tests.01 HerekuApp
2026-02-09 13:23:17.318013 ==============================================================================
2026-02-09 13:23:17.318075 Tests.01 HerekuApp.02 Geavanceerd
2026-02-09 13:23:17.320014 ==============================================================================
2026-02-09 13:23:17.521718 Tests.01 HerekuApp.02 Geavanceerd.17 Visual Regression
2026-02-09 13:23:17.558701 ==============================================================================
2026-02-09 13:23:18.768035 Scenario 17: Visuele Controle En Styling :: Test of de pagina visu... | PASS |
2026-02-09 13:23:18.811276 ------------------------------------------------------------------------------
2026-02-09 13:23:18.861406 Tests.01 HerekuApp.02 Geavanceerd.17 Visual Regression                | PASS |
2026-02-09 13:23:18.863850 1 test, 1 passed, 0 failed
2026-02-09 13:23:18.863893 ==============================================================================
2026-02-09 13:23:18.863902 Tests.01 HerekuApp.02 Geavanceerd                                     | PASS |
2026-02-09 13:23:18.864675 1 test, 1 passed, 0 failed
2026-02-09 13:23:18.864716 ==============================================================================
2026-02-09 13:23:18.864724 Tests.01 HerekuApp                                                    | PASS |
2026-02-09 13:23:18.865555 1 test, 1 passed, 0 failed
2026-02-09 13:23:18.865574 ==============================================================================
2026-02-09 13:23:18.865590 Tests                                                                 | PASS |
2026-02-09 13:23:18.865845 1 test, 1 passed, 0 failed
2026-02-09 13:23:18.865910 ==============================================================================
2026-02-09 13:23:18.865927 Output:  /home/runner/work/AP_RF/AP_RF/results/pabot_results/16/output.xml
