2026-02-09 13:23:01.680371 ==============================================================================
2026-02-09 13:23:01.682452 Tests
2026-02-09 13:23:01.682521 ==============================================================================
2026-02-09 13:23:01.682538 Tests.01 HerekuApp
2026-02-09 13:23:01.683806 ==============================================================================
2026-02-09 13:23:01.683824 Tests.01 HerekuApp.01 Basis
2026-02-09 13:23:01.685013 ==============================================================================
2026-02-09 13:23:01.938581 Tests.01 HerekuApp.01 Basis.02 Data :: Validatie van dynamische content-opb...
2026-02-09 13:23:01.982681 ==============================================================================
2026-02-09 13:23:08.624523 Wachten Op Dynamische Content :: Valideert de stabiliteit van de t... | PASS |
2026-02-09 13:23:08.650563 ------------------------------------------------------------------------------
2026-02-09 13:23:09.052254 Zoek Waarde In Dynamische Tabel :: Demonstreert het itereren door ... | PASS |
2026-02-09 13:23:09.080664 ------------------------------------------------------------------------------
2026-02-09 13:23:09.080677 Tests.01 HerekuApp.01 Basis.02 Data :: Validatie van dynamische co... | PASS |
2026-02-09 13:23:09.085738 2 tests, 2 passed, 0 failed
2026-02-09 13:23:09.085799 ==============================================================================
2026-02-09 13:23:09.085815 Tests.01 HerekuApp.01 Basis                                           | PASS |
2026-02-09 13:23:09.086372 2 tests, 2 passed, 0 failed
2026-02-09 13:23:09.086464 ==============================================================================
2026-02-09 13:23:09.086484 Tests.01 HerekuApp                                                    | PASS |
2026-02-09 13:23:09.086842 2 tests, 2 passed, 0 failed
2026-02-09 13:23:09.086919 ==============================================================================
2026-02-09 13:23:09.086936 Tests                                                                 | PASS |
2026-02-09 13:23:09.087228 2 tests, 2 passed, 0 failed
2026-02-09 13:23:09.087266 ==============================================================================
2026-02-09 13:23:09.087281 Output:  /home/runner/work/AP_RF/AP_RF/results/pabot_results/1/output.xml
