2026-02-09 13:23:06.205020 ==============================================================================
2026-02-09 13:23:06.255098 Tests
2026-02-09 13:23:06.255113 ==============================================================================
2026-02-09 13:23:06.255121 Tests.01 HerekuApp
2026-02-09 13:23:06.257512 ==============================================================================
2026-02-09 13:23:06.257531 Tests.01 HerekuApp.01 Basis
2026-02-09 13:23:06.257852 ==============================================================================
2026-02-09 13:23:06.459517 Tests.01 HerekuApp.01 Basis.06 Dynamic Loading.Robot
2026-02-09 13:23:06.503175 ==============================================================================
2026-02-09 13:23:06.503191 [ WARN ] Open Browser is for quick experimentation and debugging only. Use New Page for production.
2026-02-09 13:23:12.931623 Scenario 06: Wachten Op Dynamisch Element :: Valideert de afhandel... | PASS |
2026-02-09 13:23:12.960325 ------------------------------------------------------------------------------
2026-02-09 13:23:12.960385 Tests.01 HerekuApp.01 Basis.06 Dynamic Loading.Robot                  | PASS |
2026-02-09 13:23:12.964543 1 test, 1 passed, 0 failed
2026-02-09 13:23:12.964562 ==============================================================================
2026-02-09 13:23:12.964578 Tests.01 HerekuApp.01 Basis                                           | PASS |
2026-02-09 13:23:12.964893 1 test, 1 passed, 0 failed
2026-02-09 13:23:12.964957 ==============================================================================
2026-02-09 13:23:12.964974 Tests.01 HerekuApp                                                    | PASS |
2026-02-09 13:23:12.965342 1 test, 1 passed, 0 failed
2026-02-09 13:23:12.965406 ==============================================================================
2026-02-09 13:23:12.965422 Tests                                                                 | PASS |
2026-02-09 13:23:12.965963 1 test, 1 passed, 0 failed
2026-02-09 13:23:12.965981 ==============================================================================
2026-02-09 13:23:12.965995 Output:  /home/runner/work/AP_RF/AP_RF/results/pabot_results/5/output.xml
