==============================================================================
Tests                                                                         
==============================================================================
Tests.01 HerekuApp                                                            
==============================================================================
Tests.01 HerekuApp.01 Basis                                                   
==============================================================================
Tests.01 HerekuApp.01 Basis.07 Data Driven                                    
==============================================================================
Verkeerd Wachtwoord                                                   | PASS |
------------------------------------------------------------------------------
Onbekende Gebruiker                                                   | PASS |
------------------------------------------------------------------------------
Lege Velden                                                           | PASS |
------------------------------------------------------------------------------
Tests.01 HerekuApp.01 Basis.07 Data Driven                            | PASS |
3 tests, 3 passed, 0 failed
==============================================================================
Tests.01 HerekuApp.01 Basis                                           | PASS |
3 tests, 3 passed, 0 failed
==============================================================================
Tests.01 HerekuApp                                                    | PASS |
3 tests, 3 passed, 0 failed
==============================================================================
Tests                                                                 | PASS |
3 tests, 3 passed, 0 failed
==============================================================================
Output:  /home/runner/work/AP_RF/AP_RF/results/pabot_results/6/output.xml
