2026-02-09 13:23:06.903130 ==============================================================================
2026-02-09 13:23:06.920208 Tests
2026-02-09 13:23:06.920228 ==============================================================================
2026-02-09 13:23:06.920283 Tests.01 HerekuApp
2026-02-09 13:23:06.921156 ==============================================================================
2026-02-09 13:23:06.921174 Tests.01 HerekuApp.01 Basis
2026-02-09 13:23:06.921995 ==============================================================================
2026-02-09 13:23:07.073943 Tests.01 HerekuApp.01 Basis.07 Data Driven
2026-02-09 13:23:07.118600 ==============================================================================
2026-02-09 13:23:07.118611 [ ERROR ] [ DataDriver ] Error in robot file:
2026-02-09 13:23:07.168744   File "/home/runner/work/AP_RF/AP_RF/tests/01_HerekuApp/01_basis/07_data_driven.robot", line 0
2026-02-09 13:23:07.218944 [ ERROR ] In source file:
2026-02-09 13:23:07.269058   File "C:/Users/alber/RF/resources/data/testdata.csv", line 0
2026-02-09 13:23:07.321762 [ ERROR ] Calling method '_start_suite' of listener 'DataDriver' failed: FileNotFoundError: File attribute was not a full path. Tried to find /home/runner/work/AP_RF/AP_RF/tests/01_HerekuApp/01_basis/C:/Users/alber/RF/resources/data/testdata.csv but file does not exist.
2026-02-09 13:23:08.223727 Scenario 11: Inloggen met data uit bestand :: Voert een inlogpogin... | PASS |
2026-02-09 13:23:08.252183 ------------------------------------------------------------------------------
2026-02-09 13:23:08.252196 Tests.01 HerekuApp.01 Basis.07 Data Driven                            | PASS |
2026-02-09 13:23:08.284172 1 test, 1 passed, 0 failed
2026-02-09 13:23:08.284234 ==============================================================================
2026-02-09 13:23:08.284243 Tests.01 HerekuApp.01 Basis                                           | PASS |
2026-02-09 13:23:08.284787 1 test, 1 passed, 0 failed
2026-02-09 13:23:08.284838 ==============================================================================
2026-02-09 13:23:08.284846 Tests.01 HerekuApp                                                    | PASS |
2026-02-09 13:23:08.285219 1 test, 1 passed, 0 failed
2026-02-09 13:23:08.285279 ==============================================================================
2026-02-09 13:23:08.285286 Tests                                                                 | PASS |
2026-02-09 13:23:08.285646 1 test, 1 passed, 0 failed
2026-02-09 13:23:08.285698 ==============================================================================
2026-02-09 13:23:08.285705 Output:  /home/runner/work/AP_RF/AP_RF/results/pabot_results/6/output.xml
