2026-02-09 13:23:19.436478 ==============================================================================
2026-02-09 13:23:19.455220 Tests
2026-02-09 13:23:19.455245 ==============================================================================
2026-02-09 13:23:19.455262 Tests.01 HerekuApp
2026-02-09 13:23:19.455279 ==============================================================================
2026-02-09 13:23:19.455295 Tests.01 HerekuApp.02 Geavanceerd
2026-02-09 13:23:19.455959 ==============================================================================
2026-02-09 13:23:19.656476 Tests.01 HerekuApp.02 Geavanceerd.20 Iframes
2026-02-09 13:23:19.705371 ==============================================================================
2026-02-09 13:23:21.421900 Scenario 20: Tekst Typen In Een Iframe :: Gebruik Evaluate JavaScr... | PASS |
2026-02-09 13:23:21.435581 ------------------------------------------------------------------------------
2026-02-09 13:23:21.485709 Tests.01 HerekuApp.02 Geavanceerd.20 Iframes                          | PASS |
2026-02-09 13:23:21.497219 1 test, 1 passed, 0 failed
2026-02-09 13:23:21.497348 ==============================================================================
2026-02-09 13:23:21.497454 Tests.01 HerekuApp.02 Geavanceerd                                     | PASS |
2026-02-09 13:23:21.498221 1 test, 1 passed, 0 failed
2026-02-09 13:23:21.498337 ==============================================================================
2026-02-09 13:23:21.498962 Tests.01 HerekuApp                                                    | PASS |
2026-02-09 13:23:21.498981 1 test, 1 passed, 0 failed
2026-02-09 13:23:21.499744 ==============================================================================
2026-02-09 13:23:21.499764 Tests                                                                 | PASS |
2026-02-09 13:23:21.499778 1 test, 1 passed, 0 failed
2026-02-09 13:23:21.499791 ==============================================================================
2026-02-09 13:23:21.499802 Output:  /home/runner/work/AP_RF/AP_RF/results/pabot_results/19/output.xml
