==============================================================================
Tests                                                                         
==============================================================================
Tests.01 HerekuApp                                                            
==============================================================================
Tests.01 HerekuApp.01 Basis                                                   
==============================================================================
Tests.01 HerekuApp.01 Basis.09 Alerts                                         
==============================================================================
Scenario 09: Bevestig Een JavaScript Alert :: Test de interactie m...   
  Traceback (most recent call last):
    ~~~~~~~~~~~~~~~~~~~~~~~~~~~~~~~~~~~~~~~~~~~~~~~~~~~~~~~~~~~~~~~~~~~~~~~~~~
    File  /home/runner/work/AP_RF/AP_RF/tests/01_HerekuApp/01_basis/09_alerts.robot:9
    T:  Scenario 09: Bevestig Een JavaScript Alert    
    ~~~~~~~~~~~~~~~~~~~~~~~~~~~~~~~~~~~~~~~~~~~~~~~~~~~~~~~~~~~~~~~~~~~~~~~~~~
    File  /home/runner/work/AP_RF/AP_RF/tests/01_HerekuApp/01_basis/09_alerts.robot:20
      Get Text    id=result    ==    You clicked: Ok
______________________________________________________________________________
| FAIL |
Multiple keywords with name 'Get Text' found. Give the full name of the keyword you want to use:
    AppiumLibrary.Get Text
    Browser.Get Text
------------------------------------------------------------------------------
Tests.01 HerekuApp.01 Basis.09 Alerts                                 | FAIL |
1 test, 0 passed, 1 failed
==============================================================================
Tests.01 HerekuApp.01 Basis                                           | FAIL |
1 test, 0 passed, 1 failed
==============================================================================
Tests.01 HerekuApp                                                    | FAIL |
1 test, 0 passed, 1 failed
==============================================================================
Tests                                                                 | FAIL |
1 test, 0 passed, 1 failed
==============================================================================
Output:  /home/runner/work/AP_RF/AP_RF/results/pabot_results/8/output.xml
