2026-02-09 13:23:09.506094 ==============================================================================
2026-02-09 13:23:09.510031 Tests
2026-02-09 13:23:09.510054 ==============================================================================
2026-02-09 13:23:09.510146 Tests.01 HerekuApp
2026-02-09 13:23:09.510991 ==============================================================================
2026-02-09 13:23:09.511011 Tests.01 HerekuApp.01 Basis
2026-02-09 13:23:09.511821 ==============================================================================
2026-02-09 13:23:09.713565 Tests.01 HerekuApp.01 Basis.09 Alerts
2026-02-09 13:23:09.736715 ==============================================================================
2026-02-09 13:23:10.944778 Scenario 09: Bevestig Een JavaScript Alert :: Valideert de automat... | PASS |
2026-02-09 13:23:10.974606 ------------------------------------------------------------------------------
2026-02-09 13:23:10.974623 Tests.01 HerekuApp.01 Basis.09 Alerts                                 | PASS |
2026-02-09 13:23:10.979211 1 test, 1 passed, 0 failed
2026-02-09 13:23:10.979285 ==============================================================================
2026-02-09 13:23:10.979301 Tests.01 HerekuApp.01 Basis                                           | PASS |
2026-02-09 13:23:10.979800 1 test, 1 passed, 0 failed
2026-02-09 13:23:10.979826 ==============================================================================
2026-02-09 13:23:10.979891 Tests.01 HerekuApp                                                    | PASS |
2026-02-09 13:23:10.980263 1 test, 1 passed, 0 failed
2026-02-09 13:23:10.980282 ==============================================================================
2026-02-09 13:23:10.980297 Tests                                                                 | PASS |
2026-02-09 13:23:10.980649 1 test, 1 passed, 0 failed
2026-02-09 13:23:10.980718 ==============================================================================
2026-02-09 13:23:10.980733 Output:  /home/runner/work/AP_RF/AP_RF/results/pabot_results/8/output.xml
