2026-02-09 13:23:11.419377 ==============================================================================
2026-02-09 13:23:11.433874 Tests
2026-02-09 13:23:11.433894 ==============================================================================
2026-02-09 13:23:11.433908 Tests.01 HerekuApp
2026-02-09 13:23:11.434783 ==============================================================================
2026-02-09 13:23:11.434801 Tests.01 HerekuApp.01 Basis
2026-02-09 13:23:11.438096 ==============================================================================
2026-02-09 13:23:11.640490 Tests.01 HerekuApp.01 Basis.11 Login Datadriven
2026-02-09 13:23:11.675403 ==============================================================================
2026-02-09 13:23:12.831871 Correcte inlog                                                        | PASS |
2026-02-09 13:23:12.868557 ------------------------------------------------------------------------------
2026-02-09 13:23:13.420696 Foute gebruikersnaam                                                  | PASS |
2026-02-09 13:23:13.453269 ------------------------------------------------------------------------------
2026-02-09 13:23:14.160948 Fout wachtwoord                                                       | PASS |
2026-02-09 13:23:14.165963 ------------------------------------------------------------------------------
2026-02-09 13:23:14.821383 Lege velden                                                           | PASS |
2026-02-09 13:23:14.858633 ------------------------------------------------------------------------------
2026-02-09 13:23:14.858652 Tests.01 HerekuApp.01 Basis.11 Login Datadriven                       | PASS |
2026-02-09 13:23:14.865216 4 tests, 4 passed, 0 failed
2026-02-09 13:23:14.865267 ==============================================================================
2026-02-09 13:23:14.865282 Tests.01 HerekuApp.01 Basis                                           | PASS |
2026-02-09 13:23:14.866003 4 tests, 4 passed, 0 failed
2026-02-09 13:23:14.866060 ==============================================================================
2026-02-09 13:23:14.866075 Tests.01 HerekuApp                                                    | PASS |
2026-02-09 13:23:14.869533 4 tests, 4 passed, 0 failed
2026-02-09 13:23:14.869551 ==============================================================================
2026-02-09 13:23:14.869564 Tests                                                                 | PASS |
2026-02-09 13:23:14.869576 4 tests, 4 passed, 0 failed
2026-02-09 13:23:14.869589 ==============================================================================
2026-02-09 13:23:14.869600 Output:  /home/runner/work/AP_RF/AP_RF/results/pabot_results/10/output.xml
