[INFO]    Initialized logging in results/pabot_results
[INFO]    Robot Framework remote server at 127.0.0.1:8270 started.
[DEBUG]   Storing .pabotsuitenames file
[DEBUG]   2026-02-09 13:23:01.375800 [PID:3522] [0] [ID:0] EXECUTING Tests.01 HerekuApp.01 Basis.01 Auth
[DEBUG]   2026-02-09 13:23:01.376646 [PID:3523] [1] [ID:1] EXECUTING Tests.01 HerekuApp.01 Basis.02 Data
[DEBUG]   2026-02-09 13:23:01.380871 [PID:3527] [2] [ID:2] EXECUTING Tests.01 HerekuApp.01 Basis.03 Api
[INFO]    2026-02-09 13:23:03.285726 [PID:3527] [2] [ID:2] PASSED Tests.01 HerekuApp.01 Basis.03 Api in 1.9 seconds
[DEBUG]   2026-02-09 13:23:03.291289 [PID:3713] [0] [ID:3] EXECUTING Tests.01 HerekuApp.01 Basis.04 Hybrid
[INFO]    2026-02-09 13:23:04.986031 [PID:3522] [0] [ID:0] PASSED Tests.01 HerekuApp.01 Basis.01 Auth in 3.6 seconds
[DEBUG]   2026-02-09 13:23:04.990831 [PID:3975] [1] [ID:4] EXECUTING Tests.01 HerekuApp.01 Basis.05 Dropdowns
[INFO]    2026-02-09 13:23:05.998675 [PID:3713] [0] [ID:3] PASSED Tests.01 HerekuApp.01 Basis.04 Hybrid in 2.7 seconds
[DEBUG]   2026-02-09 13:23:06.003242 [PID:4000] [2] [ID:5] EXECUTING Tests.01 HerekuApp.01 Basis.06 Dynamic Loading.Robot
[DEBUG]   2026-02-09 13:23:06.392620 [PID:3523] [1] [ID:1] still running Tests.01 HerekuApp.01 Basis.02 Data after 5.0s
[INFO]    2026-02-09 13:23:06.696543 [PID:3975] [1] [ID:4] PASSED Tests.01 HerekuApp.01 Basis.05 Dropdowns in 1.7 seconds
[DEBUG]   2026-02-09 13:23:06.701338 [PID:4076] [0] [ID:6] EXECUTING Tests.01 HerekuApp.01 Basis.07 Data Driven
[INFO]    2026-02-09 13:23:08.508030 [PID:4076] [0] [ID:6] PASSED Tests.01 HerekuApp.01 Basis.07 Data Driven in 1.8 seconds
[DEBUG]   2026-02-09 13:23:08.512839 [PID:4215] [1] [ID:7] EXECUTING Tests.01 HerekuApp.01 Basis.08 Failure Test
[INFO]    2026-02-09 13:23:09.300281 [PID:3523] [1] [ID:1] PASSED Tests.01 HerekuApp.01 Basis.02 Data in 7.9 seconds
[DEBUG]   2026-02-09 13:23:09.304924 [PID:4291] [2] [ID:8] EXECUTING Tests.01 HerekuApp.01 Basis.09 Alerts
[INFO]    2026-02-09 13:23:10.419570 [PID:4215] [1] [ID:7] PASSED Tests.01 HerekuApp.01 Basis.08 Failure Test in 1.9 seconds
[DEBUG]   2026-02-09 13:23:10.424042 [PID:4380] [0] [ID:9] EXECUTING Tests.01 HerekuApp.01 Basis.10 Multi Window
[DEBUG]   2026-02-09 13:23:11.013795 [PID:4000] [2] [ID:5] still running Tests.01 HerekuApp.01 Basis.06 Dynamic Loading.Robot after 5.0s
[INFO]    2026-02-09 13:23:11.213515 [PID:4291] [2] [ID:8] PASSED Tests.01 HerekuApp.01 Basis.09 Alerts in 1.9 seconds
[DEBUG]   2026-02-09 13:23:11.218234 [PID:4456] [1] [ID:10] EXECUTING Tests.01 HerekuApp.01 Basis.11 Login Datadriven
[INFO]    2026-02-09 13:23:13.034535 [PID:4380] [0] [ID:9] PASSED Tests.01 HerekuApp.01 Basis.10 Multi Window in 2.6 seconds
[DEBUG]   2026-02-09 13:23:13.040094 [PID:4665] [2] [ID:11] EXECUTING Tests.01 HerekuApp.01 Basis.12 Api Test
[INFO]    2026-02-09 13:23:13.220556 [PID:4000] [2] [ID:5] PASSED Tests.01 HerekuApp.01 Basis.06 Dynamic Loading.Robot in 7.2 seconds
[DEBUG]   2026-02-09 13:23:13.227693 [PID:4671] [0] [ID:12] EXECUTING Tests.01 HerekuApp.02 Geavanceerd.13 Shopping Cart
[INFO]    2026-02-09 13:23:15.132555 [PID:4456] [1] [ID:10] PASSED Tests.01 HerekuApp.01 Basis.11 Login Datadriven in 3.9 seconds
[DEBUG]   2026-02-09 13:23:15.138098 [PID:4962] [1] [ID:13] EXECUTING Tests.01 HerekuApp.02 Geavanceerd.14 Product Search
[INFO]    2026-02-09 13:23:15.251674 [PID:4665] [2] [ID:11] PASSED Tests.01 HerekuApp.01 Basis.12 Api Test in 2.2 seconds
[DEBUG]   2026-02-09 13:23:15.256210 [PID:4966] [2] [ID:14] EXECUTING Tests.01 HerekuApp.02 Geavanceerd.15 User Profile
[INFO]    2026-02-09 13:23:15.336473 [PID:4671] [0] [ID:12] PASSED Tests.01 HerekuApp.02 Geavanceerd.13 Shopping Cart in 2.1 seconds
[DEBUG]   2026-02-09 13:23:15.342992 [PID:4970] [0] [ID:15] EXECUTING Tests.01 HerekuApp.02 Geavanceerd.16 Api Complex
[INFO]    2026-02-09 13:23:17.055536 [PID:4962] [1] [ID:13] PASSED Tests.01 HerekuApp.02 Geavanceerd.14 Product Search in 1.9 seconds
[DEBUG]   2026-02-09 13:23:17.062133 [PID:5150] [1] [ID:16] EXECUTING Tests.01 HerekuApp.02 Geavanceerd.17 Visual Regression
[INFO]    2026-02-09 13:23:17.155808 [PID:4970] [0] [ID:15] PASSED Tests.01 HerekuApp.02 Geavanceerd.16 Api Complex in 1.8 seconds
[DEBUG]   2026-02-09 13:23:17.162325 [PID:5154] [2] [ID:17] EXECUTING Tests.01 HerekuApp.02 Geavanceerd.18 File Upload
[INFO]    2026-02-09 13:23:17.671426 [PID:4966] [2] [ID:14] PASSED Tests.01 HerekuApp.02 Geavanceerd.15 User Profile in 2.4 seconds
[DEBUG]   2026-02-09 13:23:17.679534 [PID:5187] [0] [ID:18] EXECUTING Tests.01 HerekuApp.02 Geavanceerd.19 Shadow Dom
[INFO]    2026-02-09 13:23:19.171307 [PID:5150] [1] [ID:16] PASSED Tests.01 HerekuApp.02 Geavanceerd.17 Visual Regression in 2.1 seconds
[DEBUG]   2026-02-09 13:23:19.181536 [PID:5345] [1] [ID:19] EXECUTING Tests.01 HerekuApp.02 Geavanceerd.20 Iframes
[INFO]    2026-02-09 13:23:19.371035 [PID:5154] [2] [ID:17] PASSED Tests.01 HerekuApp.02 Geavanceerd.18 File Upload in 2.2 seconds
[DEBUG]   2026-02-09 13:23:19.378196 [PID:5401] [2] [ID:20] EXECUTING Tests.02 SauceDemo.01 Shop Tests
[INFO]    2026-02-09 13:23:19.892100 [PID:5187] [0] [ID:18] PASSED Tests.01 HerekuApp.02 Geavanceerd.19 Shadow Dom in 2.2 seconds
[DEBUG]   2026-02-09 13:23:19.897392 [PID:5436] [0] [ID:21] EXECUTING Tests.02 SauceDemo.02 Api Check
[INFO]    2026-02-09 13:23:20.903644 [PID:5436] [0] [ID:21] PASSED Tests.02 SauceDemo.02 Api Check in 1.0 seconds
[DEBUG]   2026-02-09 13:23:20.909804 [PID:5575] [1] [ID:22] EXECUTING Tests.02 SauceDemo.03 Api Chaining
[INFO]    2026-02-09 13:23:21.696224 [PID:5345] [1] [ID:19] PASSED Tests.01 HerekuApp.02 Geavanceerd.20 Iframes in 2.5 seconds
[INFO]    2026-02-09 13:23:23.196484 [PID:5401] [2] [ID:20] PASSED Tests.02 SauceDemo.01 Shop Tests in 3.8 seconds
[INFO]    2026-02-09 13:23:23.223985 [PID:5575] [1] [ID:22] PASSED Tests.02 SauceDemo.03 Api Chaining in 2.3 seconds
[INFO]    33 tests, 33 passed, 0 failed, 0 skipped.
[INFO]    ===================================================
[INFO]    Output:  /home/runner/work/AP_RF/AP_RF/results/output.xml
[INFO]    Log:     /home/runner/work/AP_RF/AP_RF/results/log.html
[INFO]    Report:  /home/runner/work/AP_RF/AP_RF/results/report.html
[DEBUG]   Finalizing Pabot execution...
[DEBUG]   Stopping PabotLib process
[INFO]    Robot Framework remote server at 127.0.0.1:8270 stopped.
[DEBUG]   PabotLib process stopped
[INFO]    Total testing: 1 minute 3.60 seconds
[INFO]    Elapsed time:  22.49 seconds
[DEBUG]   Logs flushed successfully.
