2026-02-09 13:23:08.714521 ==============================================================================
2026-02-09 13:23:08.758029 Tests
2026-02-09 13:23:08.758044 ==============================================================================
2026-02-09 13:23:08.758109 Tests.01 HerekuApp
2026-02-09 13:23:08.759115 ==============================================================================
2026-02-09 13:23:08.759127 Tests.01 HerekuApp.01 Basis
2026-02-09 13:23:08.760190 ==============================================================================
2026-02-09 13:23:08.960725 Tests.01 HerekuApp.01 Basis.08 Failure Test
2026-02-09 13:23:08.988680 ==============================================================================
2026-02-09 13:23:10.193912 Test Negatieve Scenario Bevestiging :: Valideert dat de UI correct... | PASS |
2026-02-09 13:23:10.211567 ------------------------------------------------------------------------------
2026-02-09 13:23:10.211585 Tests.01 HerekuApp.01 Basis.08 Failure Test                           | PASS |
2026-02-09 13:23:10.215302 1 test, 1 passed, 0 failed
2026-02-09 13:23:10.215354 ==============================================================================
2026-02-09 13:23:10.215369 Tests.01 HerekuApp.01 Basis                                           | PASS |
2026-02-09 13:23:10.215859 1 test, 1 passed, 0 failed
2026-02-09 13:23:10.215907 ==============================================================================
2026-02-09 13:23:10.215922 Tests.01 HerekuApp                                                    | PASS |
2026-02-09 13:23:10.216399 1 test, 1 passed, 0 failed
2026-02-09 13:23:10.216416 ==============================================================================
2026-02-09 13:23:10.216429 Tests                                                                 | PASS |
2026-02-09 13:23:10.217730 1 test, 1 passed, 0 failed
2026-02-09 13:23:10.217750 ==============================================================================
2026-02-09 13:23:10.217767 Output:  /home/runner/work/AP_RF/AP_RF/results/pabot_results/7/output.xml
