==============================================================================
Tests                                                                         
==============================================================================
Tests.01 HerekuApp                                                            
==============================================================================
Tests.01 HerekuApp.01 Basis                                                   
==============================================================================
Tests.01 HerekuApp.01 Basis.08 Failure Test                                   
==============================================================================
Test Negatieve Scenario Bevestiging :: Valideert dat de UI correct... | PASS |
------------------------------------------------------------------------------
Tests.01 HerekuApp.01 Basis.08 Failure Test                           | PASS |
1 test, 1 passed, 0 failed
==============================================================================
Tests.01 HerekuApp.01 Basis                                           | PASS |
1 test, 1 passed, 0 failed
==============================================================================
Tests.01 HerekuApp                                                    | PASS |
1 test, 1 passed, 0 failed
==============================================================================
Tests                                                                 | PASS |
1 test, 1 passed, 0 failed
==============================================================================
Output:  /home/runner/work/AP_RF/AP_RF/results/pabot_results/7/output.xml
