2026-02-09 13:23:17.981922 ==============================================================================
2026-02-09 13:23:17.990860 Tests
2026-02-09 13:23:17.991009 ==============================================================================
2026-02-09 13:23:17.991109 Tests.01 HerekuApp
2026-02-09 13:23:17.992560 ==============================================================================
2026-02-09 13:23:17.993503 Tests.01 HerekuApp.02 Geavanceerd
2026-02-09 13:23:17.993989 ==============================================================================
2026-02-09 13:23:18.245497 Tests.01 HerekuApp.02 Geavanceerd.19 Shadow Dom
2026-02-09 13:23:18.261917 ==============================================================================
2026-02-09 13:23:19.571332 Scenario 19: Tekst Lezen Uit Shadow DOM :: Verifieer dat we elemen... | PASS |
2026-02-09 13:23:19.571475 ------------------------------------------------------------------------------
2026-02-09 13:23:19.621597 Tests.01 HerekuApp.02 Geavanceerd.19 Shadow Dom                       | PASS |
2026-02-09 13:23:19.622481 1 test, 1 passed, 0 failed
2026-02-09 13:23:19.622532 ==============================================================================
2026-02-09 13:23:19.622547 Tests.01 HerekuApp.02 Geavanceerd                                     | PASS |
2026-02-09 13:23:19.623259 1 test, 1 passed, 0 failed
2026-02-09 13:23:19.623307 ==============================================================================
2026-02-09 13:23:19.623323 Tests.01 HerekuApp                                                    | PASS |
2026-02-09 13:23:19.623898 1 test, 1 passed, 0 failed
2026-02-09 13:23:19.623947 ==============================================================================
2026-02-09 13:23:19.623962 Tests                                                                 | PASS |
2026-02-09 13:23:19.624459 1 test, 1 passed, 0 failed
2026-02-09 13:23:19.624515 ==============================================================================
2026-02-09 13:23:19.624532 Output:  /home/runner/work/AP_RF/AP_RF/results/pabot_results/18/output.xml
