2026-02-09 13:23:19.631681 ==============================================================================
2026-02-09 13:23:19.657910 Tests
2026-02-09 13:23:19.657929 ==============================================================================
2026-02-09 13:23:19.657985 Tests.02 SauceDemo
2026-02-09 13:23:19.658883 ==============================================================================
2026-02-09 13:23:19.809717 Tests.02 SauceDemo.01 Shop Tests
2026-02-09 13:23:19.855682 ==============================================================================
2026-02-09 13:23:21.323108 Scenario 21: Succesvolle Inlog en Product Check :: Controleert of ... | PASS |
2026-02-09 13:23:21.363320 ------------------------------------------------------------------------------
2026-02-09 13:23:22.015074 Scenario 22: Sorteren op Prijs en Validatie :: Controleert of de s... | PASS |
2026-02-09 13:23:22.046776 ------------------------------------------------------------------------------
2026-02-09 13:23:22.952260 Scenario 23: Volledige Checkout Flow (Master) :: Doorloopt het hel... | PASS |
2026-02-09 13:23:22.999838 ------------------------------------------------------------------------------
2026-02-09 13:23:22.999855 Tests.02 SauceDemo.01 Shop Tests                                      | PASS |
2026-02-09 13:23:23.003052 3 tests, 3 passed, 0 failed
2026-02-09 13:23:23.003116 ==============================================================================
2026-02-09 13:23:23.003129 Tests.02 SauceDemo                                                    | PASS |
2026-02-09 13:23:23.003558 3 tests, 3 passed, 0 failed
2026-02-09 13:23:23.003614 ==============================================================================
2026-02-09 13:23:23.003627 Tests                                                                 | PASS |
2026-02-09 13:23:23.003946 3 tests, 3 passed, 0 failed
2026-02-09 13:23:23.003989 ==============================================================================
2026-02-09 13:23:23.004001 Output:  /home/runner/work/AP_RF/AP_RF/results/pabot_results/20/output.xml
