2026-02-09 13:23:20.153734 ==============================================================================
2026-02-09 13:23:20.157426 Tests
2026-02-09 13:23:20.157506 ==============================================================================
2026-02-09 13:23:20.160032 Tests.02 SauceDemo
2026-02-09 13:23:20.160051 ==============================================================================
2026-02-09 13:23:20.210151 Tests.02 SauceDemo.02 Api Check
2026-02-09 13:23:20.229084 ==============================================================================
2026-02-09 13:23:20.680395 Scenario 24: API Health Check SauceDemo :: Controleert of de serve... | PASS |
2026-02-09 13:23:20.680395 /opt/hostedtoolcache/Python/3.11.14/x64/lib/python3.11/site-packages/urllib3/connectionpool.py:1097: InsecureRequestWarning: Unverified HTTPS request is being made to host 'www.saucedemo.com'. Adding certificate verification is strongly advised. See: https://urllib3.readthedocs.io/en/latest/advanced-usage.html#tls-warnings
2026-02-09 13:23:20.700190 ------------------------------------------------------------------------------
2026-02-09 13:23:20.700190   warnings.warn(
2026-02-09 13:23:20.700218 Tests.02 SauceDemo.02 Api Check                                       | PASS |
2026-02-09 13:23:20.700235 1 test, 1 passed, 0 failed
2026-02-09 13:23:20.700250 ==============================================================================
2026-02-09 13:23:20.700263 Tests.02 SauceDemo                                                    | PASS |
2026-02-09 13:23:20.700276 1 test, 1 passed, 0 failed
2026-02-09 13:23:20.700288 ==============================================================================
2026-02-09 13:23:20.700300 Tests                                                                 | PASS |
2026-02-09 13:23:20.700389 1 test, 1 passed, 0 failed
2026-02-09 13:23:20.700531 ==============================================================================
2026-02-09 13:23:20.700620 Output:  /home/runner/work/AP_RF/AP_RF/results/pabot_results/21/output.xml
